err is
null
data is
{ _readableState: 
   { highWaterMark: 16384,
     buffer: [],
     length: 0,
     pipes: null,
     pipesCount: 0,
     flowing: false,
     ended: true,
     endEmitted: true,
     reading: false,
     calledRead: true,
     sync: false,
     needReadable: true,
     emittedReadable: false,
     readableListening: false,
     objectMode: false,
     defaultEncoding: 'utf8',
     ranOut: false,
     awaitDrain: 0,
     readingMore: false,
     decoder: null,
     encoding: null },
  readable: false,
  domain: null,
  _events: 
   { end: [ [Function: responseOnEnd], [Function], [Function], [Function] ],
     readable: [Function],
     close: [ [Function], [Function] ],
     data: [Function],
     error: [Function] },
  _maxListeners: 10,
  socket: 
   { _readableState: 
      { highWaterMark: 16384,
        buffer: [],
        length: 0,
        pipes: null,
        pipesCount: 0,
        flowing: false,
        ended: false,
        endEmitted: false,
        reading: true,
        calledRead: true,
        sync: false,
        needReadable: true,
        emittedReadable: false,
        readableListening: false,
        objectMode: false,
        defaultEncoding: 'utf8',
        ranOut: false,
        awaitDrain: 0,
        readingMore: false,
        decoder: null,
        encoding: null },
     readable: true,
     domain: null,
     _events: 
      { end: [Object],
        finish: [Object],
        sslOutEnd: [Function],
        free: [Function],
        close: [Object],
        agentRemove: [Function],
        drain: [Function: ondrain] },
     _maxListeners: 0,
     _writableState: 
      { highWaterMark: 16384,
        objectMode: false,
        needDrain: false,
        ending: false,
        ended: false,
        finished: false,
        decodeStrings: true,
        defaultEncoding: 'utf8',
        length: 0,
        writing: false,
        sync: false,
        bufferProcessing: false,
        onwrite: [Function],
        writecb: null,
        writelen: 0,
        buffer: [] },
     writable: true,
     allowHalfOpen: true,
     pair: 
      { domain: null,
        _events: [Object],
        _maxListeners: 10,
        server: undefined,
        _secureEstablished: true,
        _isServer: false,
        _encWriteState: true,
        _clearWriteState: true,
        _doneFlag: false,
        _destroying: false,
        credentials: [Object],
        _rejectUnauthorized: true,
        _requestCert: true,
        ssl: {},
        servername: false,
        cleartext: [Circular],
        encrypted: [Object],
        fd: undefined,
        npnProtocol: undefined },
     _pending: null,
     _pendingEncoding: '',
     _pendingCallback: null,
     _doneFlag: false,
     _retryAfterPartial: false,
     _halfRead: false,
     _sslOutCb: null,
     _resumingSession: false,
     _reading: true,
     _destroyed: false,
     _ended: false,
     _finished: false,
     _opposite: 
      { _readableState: [Object],
        readable: true,
        domain: null,
        _events: [Object],
        _maxListeners: 10,
        _writableState: [Object],
        writable: true,
        allowHalfOpen: true,
        pair: [Object],
        _pending: null,
        _pendingEncoding: '',
        _pendingCallback: null,
        _doneFlag: false,
        _retryAfterPartial: false,
        _halfRead: false,
        _sslOutCb: null,
        _resumingSession: false,
        _reading: true,
        _destroyed: false,
        _ended: false,
        _finished: false,
        _opposite: [Circular],
        _buffer: [Object] },
     _buffer: 
      { isFull: false,
        pool: <Buffer 16 03 01 01 5e 01 00 01 5a 03 03 54 42 3e a5 f8 24 b3 c8 41 1e a8 e4 e1 39 a7 f0 51 13 62 0d 09 33 f5 05 4f 9f e2 20 20 10 e4 15 00 00 a0 c0 30 c0 2c c0 ...>,
        offset: 902,
        remaining: 10484858 },
     _handle: { readStop: [Function], readStart: [Function] },
     socket: 
      { _connecting: false,
        _handle: [Object],
        _readableState: [Object],
        readable: true,
        domain: null,
        _events: [Object],
        _maxListeners: 10,
        _writableState: [Object],
        writable: true,
        allowHalfOpen: false,
        onend: null,
        destroyed: false,
        errorEmitted: false,
        bytesRead: 3729,
        _bytesDispatched: 785,
        _pendingData: null,
        _pendingEncoding: '',
        read: [Function],
        _consuming: true },
     encrypted: 
      { _readableState: [Object],
        readable: true,
        domain: null,
        _events: [Object],
        _maxListeners: 10,
        _writableState: [Object],
        writable: true,
        allowHalfOpen: true,
        pair: [Object],
        _pending: null,
        _pendingEncoding: '',
        _pendingCallback: null,
        _doneFlag: false,
        _retryAfterPartial: false,
        _halfRead: false,
        _sslOutCb: null,
        _resumingSession: false,
        _reading: true,
        _destroyed: false,
        _ended: false,
        _finished: false,
        _opposite: [Circular],
        _buffer: [Object] },
     authorized: true,
     _controlReleased: true,
     parser: null,
     _httpMessage: 
      { domain: null,
        _events: [Object],
        _maxListeners: 10,
        output: [],
        outputEncodings: [],
        writable: true,
        _last: true,
        chunkedEncoding: false,
        shouldKeepAlive: true,
        useChunkedEncodingByDefault: false,
        sendDate: false,
        _headerSent: true,
        _header: 'GET /v0/maxitem.json HTTP/1.1\r\nhost: hacker-news.firebaseio.com\r\nConnection: keep-alive\r\n\r\n',
        _hasBody: true,
        _trailer: '',
        finished: true,
        _hangupClose: false,
        socket: [Circular],
        connection: [Circular],
        agent: [Object],
        socketPath: undefined,
        method: 'GET',
        path: '/v0/maxitem.json',
        _headers: [Object],
        _headerNames: [Object],
        parser: null,
        res: [Circular] },
     ondata: null,
     onend: null,
     npnProtocol: undefined },
  connection: 
   { _readableState: 
      { highWaterMark: 16384,
        buffer: [],
        length: 0,
        pipes: null,
        pipesCount: 0,
        flowing: false,
        ended: false,
        endEmitted: false,
        reading: true,
        calledRead: true,
        sync: false,
        needReadable: true,
        emittedReadable: false,
        readableListening: false,
        objectMode: false,
        defaultEncoding: 'utf8',
        ranOut: false,
        awaitDrain: 0,
        readingMore: false,
        decoder: null,
        encoding: null },
     readable: true,
     domain: null,
     _events: 
      { end: [Object],
        finish: [Object],
        sslOutEnd: [Function],
        free: [Function],
        close: [Object],
        agentRemove: [Function],
        drain: [Function: ondrain] },
     _maxListeners: 0,
     _writableState: 
      { highWaterMark: 16384,
        objectMode: false,
        needDrain: false,
        ending: false,
        ended: false,
        finished: false,
        decodeStrings: true,
        defaultEncoding: 'utf8',
        length: 0,
        writing: false,
        sync: false,
        bufferProcessing: false,
        onwrite: [Function],
        writecb: null,
        writelen: 0,
        buffer: [] },
     writable: true,
     allowHalfOpen: true,
     pair: 
      { domain: null,
        _events: [Object],
        _maxListeners: 10,
        server: undefined,
        _secureEstablished: true,
        _isServer: false,
        _encWriteState: true,
        _clearWriteState: true,
        _doneFlag: false,
        _destroying: false,
        credentials: [Object],
        _rejectUnauthorized: true,
        _requestCert: true,
        ssl: {},
        servername: false,
        cleartext: [Circular],
        encrypted: [Object],
        fd: undefined,
        npnProtocol: undefined },
     _pending: null,
     _pendingEncoding: '',
     _pendingCallback: null,
     _doneFlag: false,
     _retryAfterPartial: false,
     _halfRead: false,
     _sslOutCb: null,
     _resumingSession: false,
     _reading: true,
     _destroyed: false,
     _ended: false,
     _finished: false,
     _opposite: 
      { _readableState: [Object],
        readable: true,
        domain: null,
        _events: [Object],
        _maxListeners: 10,
        _writableState: [Object],
        writable: true,
        allowHalfOpen: true,
        pair: [Object],
        _pending: null,
        _pendingEncoding: '',
        _pendingCallback: null,
        _doneFlag: false,
        _retryAfterPartial: false,
        _halfRead: false,
        _sslOutCb: null,
        _resumingSession: false,
        _reading: true,
        _destroyed: false,
        _ended: false,
        _finished: false,
        _opposite: [Circular],
        _buffer: [Object] },
     _buffer: 
      { isFull: false,
        pool: <Buffer 16 03 01 01 5e 01 00 01 5a 03 03 54 42 3e a5 f8 24 b3 c8 41 1e a8 e4 e1 39 a7 f0 51 13 62 0d 09 33 f5 05 4f 9f e2 20 20 10 e4 15 00 00 a0 c0 30 c0 2c c0 ...>,
        offset: 902,
        remaining: 10484858 },
     _handle: { readStop: [Function], readStart: [Function] },
     socket: 
      { _connecting: false,
        _handle: [Object],
        _readableState: [Object],
        readable: true,
        domain: null,
        _events: [Object],
        _maxListeners: 10,
        _writableState: [Object],
        writable: true,
        allowHalfOpen: false,
        onend: null,
        destroyed: false,
        errorEmitted: false,
        bytesRead: 3729,
        _bytesDispatched: 785,
        _pendingData: null,
        _pendingEncoding: '',
        read: [Function],
        _consuming: true },
     encrypted: 
      { _readableState: [Object],
        readable: true,
        domain: null,
        _events: [Object],
        _maxListeners: 10,
        _writableState: [Object],
        writable: true,
        allowHalfOpen: true,
        pair: [Object],
        _pending: null,
        _pendingEncoding: '',
        _pendingCallback: null,
        _doneFlag: false,
        _retryAfterPartial: false,
        _halfRead: false,
        _sslOutCb: null,
        _resumingSession: false,
        _reading: true,
        _destroyed: false,
        _ended: false,
        _finished: false,
        _opposite: [Circular],
        _buffer: [Object] },
     authorized: true,
     _controlReleased: true,
     parser: null,
     _httpMessage: 
      { domain: null,
        _events: [Object],
        _maxListeners: 10,
        output: [],
        outputEncodings: [],
        writable: true,
        _last: true,
        chunkedEncoding: false,
        shouldKeepAlive: true,
        useChunkedEncodingByDefault: false,
        sendDate: false,
        _headerSent: true,
        _header: 'GET /v0/maxitem.json HTTP/1.1\r\nhost: hacker-news.firebaseio.com\r\nConnection: keep-alive\r\n\r\n',
        _hasBody: true,
        _trailer: '',
        finished: true,
        _hangupClose: false,
        socket: [Circular],
        connection: [Circular],
        agent: [Object],
        socketPath: undefined,
        method: 'GET',
        path: '/v0/maxitem.json',
        _headers: [Object],
        _headerNames: [Object],
        parser: null,
        res: [Circular] },
     ondata: null,
     onend: null,
     npnProtocol: undefined },
  httpVersion: '1.1',
  complete: true,
  headers: 
   { 'content-length': '7',
     'content-type': 'application/json; charset=utf-8',
     'cache-control': 'no-cache' },
  trailers: {},
  _pendings: [],
  _pendingIndex: 0,
  url: '',
  method: null,
  statusCode: 200,
  client: 
   { _readableState: 
      { highWaterMark: 16384,
        buffer: [],
        length: 0,
        pipes: null,
        pipesCount: 0,
        flowing: false,
        ended: false,
        endEmitted: false,
        reading: true,
        calledRead: true,
        sync: false,
        needReadable: true,
        emittedReadable: false,
        readableListening: false,
        objectMode: false,
        defaultEncoding: 'utf8',
        ranOut: false,
        awaitDrain: 0,
        readingMore: false,
        decoder: null,
        encoding: null },
     readable: true,
     domain: null,
     _events: 
      { end: [Object],
        finish: [Object],
        sslOutEnd: [Function],
        free: [Function],
        close: [Object],
        agentRemove: [Function],
        drain: [Function: ondrain] },
     _maxListeners: 0,
     _writableState: 
      { highWaterMark: 16384,
        objectMode: false,
        needDrain: false,
        ending: false,
        ended: false,
        finished: false,
        decodeStrings: true,
        defaultEncoding: 'utf8',
        length: 0,
        writing: false,
        sync: false,
        bufferProcessing: false,
        onwrite: [Function],
        writecb: null,
        writelen: 0,
        buffer: [] },
     writable: true,
     allowHalfOpen: true,
     pair: 
      { domain: null,
        _events: [Object],
        _maxListeners: 10,
        server: undefined,
        _secureEstablished: true,
        _isServer: false,
        _encWriteState: true,
        _clearWriteState: true,
        _doneFlag: false,
        _destroying: false,
        credentials: [Object],
        _rejectUnauthorized: true,
        _requestCert: true,
        ssl: {},
        servername: false,
        cleartext: [Circular],
        encrypted: [Object],
        fd: undefined,
        npnProtocol: undefined },
     _pending: null,
     _pendingEncoding: '',
     _pendingCallback: null,
     _doneFlag: false,
     _retryAfterPartial: false,
     _halfRead: false,
     _sslOutCb: null,
     _resumingSession: false,
     _reading: true,
     _destroyed: false,
     _ended: false,
     _finished: false,
     _opposite: 
      { _readableState: [Object],
        readable: true,
        domain: null,
        _events: [Object],
        _maxListeners: 10,
        _writableState: [Object],
        writable: true,
        allowHalfOpen: true,
        pair: [Object],
        _pending: null,
        _pendingEncoding: '',
        _pendingCallback: null,
        _doneFlag: false,
        _retryAfterPartial: false,
        _halfRead: false,
        _sslOutCb: null,
        _resumingSession: false,
        _reading: true,
        _destroyed: false,
        _ended: false,
        _finished: false,
        _opposite: [Circular],
        _buffer: [Object] },
     _buffer: 
      { isFull: false,
        pool: <Buffer 16 03 01 01 5e 01 00 01 5a 03 03 54 42 3e a5 f8 24 b3 c8 41 1e a8 e4 e1 39 a7 f0 51 13 62 0d 09 33 f5 05 4f 9f e2 20 20 10 e4 15 00 00 a0 c0 30 c0 2c c0 ...>,
        offset: 902,
        remaining: 10484858 },
     _handle: { readStop: [Function], readStart: [Function] },
     socket: 
      { _connecting: false,
        _handle: [Object],
        _readableState: [Object],
        readable: true,
        domain: null,
        _events: [Object],
        _maxListeners: 10,
        _writableState: [Object],
        writable: true,
        allowHalfOpen: false,
        onend: null,
        destroyed: false,
        errorEmitted: false,
        bytesRead: 3729,
        _bytesDispatched: 785,
        _pendingData: null,
        _pendingEncoding: '',
        read: [Function],
        _consuming: true },
     encrypted: 
      { _readableState: [Object],
        readable: true,
        domain: null,
        _events: [Object],
        _maxListeners: 10,
        _writableState: [Object],
        writable: true,
        allowHalfOpen: true,
        pair: [Object],
        _pending: null,
        _pendingEncoding: '',
        _pendingCallback: null,
        _doneFlag: false,
        _retryAfterPartial: false,
        _halfRead: false,
        _sslOutCb: null,
        _resumingSession: false,
        _reading: true,
        _destroyed: false,
        _ended: false,
        _finished: false,
        _opposite: [Circular],
        _buffer: [Object] },
     authorized: true,
     _controlReleased: true,
     parser: null,
     _httpMessage: 
      { domain: null,
        _events: [Object],
        _maxListeners: 10,
        output: [],
        outputEncodings: [],
        writable: true,
        _last: true,
        chunkedEncoding: false,
        shouldKeepAlive: true,
        useChunkedEncodingByDefault: false,
        sendDate: false,
        _headerSent: true,
        _header: 'GET /v0/maxitem.json HTTP/1.1\r\nhost: hacker-news.firebaseio.com\r\nConnection: keep-alive\r\n\r\n',
        _hasBody: true,
        _trailer: '',
        finished: true,
        _hangupClose: false,
        socket: [Circular],
        connection: [Circular],
        agent: [Object],
        socketPath: undefined,
        method: 'GET',
        path: '/v0/maxitem.json',
        _headers: [Object],
        _headerNames: [Object],
        parser: null,
        res: [Circular] },
     ondata: null,
     onend: null,
     npnProtocol: undefined },
  _consuming: true,
  _dumped: false,
  httpVersionMajor: 1,
  httpVersionMinor: 1,
  upgrade: false,
  req: 
   { domain: null,
     _events: { socket: [Object], error: [Function], drain: [Function] },
     _maxListeners: 10,
     output: [],
     outputEncodings: [],
     writable: true,
     _last: true,
     chunkedEncoding: false,
     shouldKeepAlive: true,
     useChunkedEncodingByDefault: false,
     sendDate: false,
     _headerSent: true,
     _header: 'GET /v0/maxitem.json HTTP/1.1\r\nhost: hacker-news.firebaseio.com\r\nConnection: keep-alive\r\n\r\n',
     _hasBody: true,
     _trailer: '',
     finished: true,
     _hangupClose: false,
     socket: 
      { _readableState: [Object],
        readable: true,
        domain: null,
        _events: [Object],
        _maxListeners: 0,
        _writableState: [Object],
        writable: true,
        allowHalfOpen: true,
        pair: [Object],
        _pending: null,
        _pendingEncoding: '',
        _pendingCallback: null,
        _doneFlag: false,
        _retryAfterPartial: false,
        _halfRead: false,
        _sslOutCb: null,
        _resumingSession: false,
        _reading: true,
        _destroyed: false,
        _ended: false,
        _finished: false,
        _opposite: [Object],
        _buffer: [Object],
        _handle: [Object],
        socket: [Object],
        encrypted: [Object],
        authorized: true,
        _controlReleased: true,
        parser: null,
        _httpMessage: [Circular],
        ondata: null,
        onend: null,
        npnProtocol: undefined },
     connection: 
      { _readableState: [Object],
        readable: true,
        domain: null,
        _events: [Object],
        _maxListeners: 0,
        _writableState: [Object],
        writable: true,
        allowHalfOpen: true,
        pair: [Object],
        _pending: null,
        _pendingEncoding: '',
        _pendingCallback: null,
        _doneFlag: false,
        _retryAfterPartial: false,
        _halfRead: false,
        _sslOutCb: null,
        _resumingSession: false,
        _reading: true,
        _destroyed: false,
        _ended: false,
        _finished: false,
        _opposite: [Object],
        _buffer: [Object],
        _handle: [Object],
        socket: [Object],
        encrypted: [Object],
        authorized: true,
        _controlReleased: true,
        parser: null,
        _httpMessage: [Circular],
        ondata: null,
        onend: null,
        npnProtocol: undefined },
     agent: 
      { domain: null,
        _events: [Object],
        _maxListeners: 10,
        options: {},
        requests: {},
        sockets: [Object],
        maxSockets: 5,
        createConnection: [Function: createConnection] },
     socketPath: undefined,
     method: 'GET',
     path: '/v0/maxitem.json',
     _headers: { host: 'hacker-news.firebaseio.com' },
     _headerNames: { host: 'host' },
     parser: null,
     res: [Circular] },
  pipe: [Function],
  addListener: [Function],
  on: [Function],
  pause: [Function],
  resume: [Function],
  read: [Function],
  request: 
   { domain: null,
     _events: 
      { error: [Function],
        complete: [Function],
        pipe: [Function],
        end: [Object],
        data: [Function] },
     _maxListeners: 10,
     callback: [Function],
     uri: 
      { protocol: 'https:',
        slashes: true,
        auth: null,
        host: 'hacker-news.firebaseio.com',
        port: 443,
        hostname: 'hacker-news.firebaseio.com',
        hash: null,
        search: null,
        query: null,
        pathname: '/v0/maxitem.json',
        path: '/v0/maxitem.json',
        href: 'https://hacker-news.firebaseio.com/v0/maxitem.json' },
     method: 'GET',
     readable: true,
     writable: true,
     explicitMethod: true,
     canTunnel: false,
     headers: {},
     setHeader: [Function],
     hasHeader: [Function],
     getHeader: [Function],
     removeHeader: [Function],
     localAddress: undefined,
     pool: {},
     dests: [],
     __isRequestRequest: true,
     _callback: [Function],
     proxy: null,
     tunnel: false,
     _redirectsFollowed: 0,
     maxRedirects: 10,
     allowRedirect: [Function],
     followRedirect: true,
     followAllRedirects: false,
     redirects: [],
     setHost: true,
     originalCookieHeader: undefined,
     _disableCookies: true,
     _jar: undefined,
     port: 443,
     host: 'hacker-news.firebaseio.com',
     clientErrorHandler: [Function],
     _parserErrorHandler: [Function],
     _buildRequest: [Function],
     _handleUnixSocketURI: [Function],
     path: '/v0/maxitem.json',
     httpModule: 
      { Server: [Object],
        createServer: [Function],
        globalAgent: [Object],
        Agent: [Object],
        request: [Function],
        get: [Function] },
     agentClass: { [Function: Agent] super_: [Object] },
     agent: 
      { domain: null,
        _events: [Object],
        _maxListeners: 10,
        options: {},
        requests: {},
        sockets: [Object],
        maxSockets: 5,
        createConnection: [Function: createConnection] },
     _started: true,
     href: 'https://hacker-news.firebaseio.com/v0/maxitem.json',
     req: 
      { domain: null,
        _events: [Object],
        _maxListeners: 10,
        output: [],
        outputEncodings: [],
        writable: true,
        _last: true,
        chunkedEncoding: false,
        shouldKeepAlive: true,
        useChunkedEncodingByDefault: false,
        sendDate: false,
        _headerSent: true,
        _header: 'GET /v0/maxitem.json HTTP/1.1\r\nhost: hacker-news.firebaseio.com\r\nConnection: keep-alive\r\n\r\n',
        _hasBody: true,
        _trailer: '',
        finished: true,
        _hangupClose: false,
        socket: [Object],
        connection: [Object],
        agent: [Object],
        socketPath: undefined,
        method: 'GET',
        path: '/v0/maxitem.json',
        _headers: [Object],
        _headerNames: [Object],
        parser: null,
        res: [Circular] },
     ntick: true,
     response: [Circular],
     _destdata: true,
     _ended: true,
     _callbackCalled: true },
  toJSON: [Function: responseToJSON],
  caseless: 
   { dict: 
      { 'content-length': '7',
        'content-type': 'application/json; charset=utf-8',
        'cache-control': 'no-cache' } },
  body: '8475062' }
test is
'8475062'
